<?xml version="1.0" encoding="UTF-8"?>
<testng-results ignored="0" total="3" passed="3" failed="0" skipped="0">
  <reporter-output>
  </reporter-output>
  <suite started-at="2025-06-18T16:41:49 IST" name="DreamProtalTests" finished-at="2025-06-18T16:42:14 IST" duration-ms="24697">
    <groups>
    </groups>
    <test started-at="2025-06-18T16:41:49 IST" name="Test" finished-at="2025-06-18T16:42:14 IST" duration-ms="24697">
      <class name="com.Dream.tests.TC_02_VerifyDiaryEntries">
        <test-method is-config="true" signature="setup()[pri:0, instance:com.Dream.tests.TC_02_VerifyDiaryEntries@56aaaecd]" started-at="2025-06-18T16:42:07 IST" name="setup" finished-at="2025-06-18T16:42:09 IST" duration-ms="2032" status="PASS">
          <reporter-output>
          </reporter-output>
        </test-method> <!-- setup -->
        <test-method signature="verifyDreamLogTable()[pri:0, instance:com.Dream.tests.TC_02_VerifyDiaryEntries@56aaaecd]" started-at="2025-06-18T16:42:09 IST" name="verifyDreamLogTable" finished-at="2025-06-18T16:42:14 IST" duration-ms="5069" status="PASS">
          <reporter-output>
          </reporter-output>
        </test-method> <!-- verifyDreamLogTable -->
        <test-method is-config="true" signature="teardown()[pri:0, instance:com.Dream.tests.TC_02_VerifyDiaryEntries@56aaaecd]" started-at="2025-06-18T16:42:14 IST" name="teardown" finished-at="2025-06-18T16:42:14 IST" duration-ms="337" status="PASS">
          <reporter-output>
          </reporter-output>
        </test-method> <!-- teardown -->
      </class> <!-- com.Dream.tests.TC_02_VerifyDiaryEntries -->
      <class name="com.Dream.tests.TC_01_VerifyHomePage">
        <test-method is-config="true" signature="setup()[pri:0, instance:com.Dream.tests.TC_01_VerifyHomePage@7d42c224]" started-at="2025-06-18T16:42:00 IST" name="setup" finished-at="2025-06-18T16:42:02 IST" duration-ms="2001" status="PASS">
          <reporter-output>
          </reporter-output>
        </test-method> <!-- setup -->
        <test-method signature="verifyDreamPortalHome()[pri:0, instance:com.Dream.tests.TC_01_VerifyHomePage@7d42c224]" started-at="2025-06-18T16:42:02 IST" name="verifyDreamPortalHome" finished-at="2025-06-18T16:42:06 IST" duration-ms="3885" status="PASS">
          <reporter-output>
          </reporter-output>
        </test-method> <!-- verifyDreamPortalHome -->
        <test-method is-config="true" signature="teardown()[pri:0, instance:com.Dream.tests.TC_01_VerifyHomePage@7d42c224]" started-at="2025-06-18T16:42:06 IST" name="teardown" finished-at="2025-06-18T16:42:07 IST" duration-ms="389" status="PASS">
          <reporter-output>
          </reporter-output>
        </test-method> <!-- teardown -->
      </class> <!-- com.Dream.tests.TC_01_VerifyHomePage -->
      <class name="com.Dream.tests.TC_03_VerifySummaryStats">
        <test-method is-config="true" signature="setup()[pri:0, instance:com.Dream.tests.TC_03_VerifySummaryStats@e84a8e1]" started-at="2025-06-18T16:41:50 IST" name="setup" finished-at="2025-06-18T16:41:54 IST" duration-ms="4905" status="PASS">
          <reporter-output>
          </reporter-output>
        </test-method> <!-- setup -->
        <test-method signature="verifyDreamCountConsistency()[pri:0, instance:com.Dream.tests.TC_03_VerifySummaryStats@e84a8e1]" started-at="2025-06-18T16:41:54 IST" name="verifyDreamCountConsistency" finished-at="2025-06-18T16:42:00 IST" duration-ms="5557" status="PASS">
          <reporter-output>
          </reporter-output>
        </test-method> <!-- verifyDreamCountConsistency -->
        <test-method is-config="true" signature="teardown()[pri:0, instance:com.Dream.tests.TC_03_VerifySummaryStats@e84a8e1]" started-at="2025-06-18T16:42:00 IST" name="teardown" finished-at="2025-06-18T16:42:00 IST" duration-ms="393" status="PASS">
          <reporter-output>
          </reporter-output>
        </test-method> <!-- teardown -->
      </class> <!-- com.Dream.tests.TC_03_VerifySummaryStats -->
    </test> <!-- Test -->
  </suite> <!-- DreamProtalTests -->
</testng-results>
