<?xml version="1.0" encoding="UTF-8"?>
<!-- Generated by org.testng.reporters.JUnitXMLReporter -->
<testsuite ignored="0" hostname="Hemu" failures="0" tests="3" name="Test" time="24.697" errors="0" timestamp="2025-06-18T16:42:14 IST">
  <testcase classname="com.Dream.tests.TC_03_VerifySummaryStats" name="verifyDreamCountConsistency" time="5.557"/>
  <testcase classname="com.Dream.tests.TC_01_VerifyHomePage" name="verifyDreamPortalHome" time="3.885"/>
  <testcase classname="com.Dream.tests.TC_02_VerifyDiaryEntries" name="verifyDreamLogTable" time="5.069"/>
</testsuite> <!-- Test -->
