<?xml version="1.0" encoding="UTF-8"?>
<!-- Generated by org.testng.reporters.JUnitXMLReporter -->
<testsuite ignored="0" hostname="LAPTOP-0DMS84IA" failures="0" tests="3" name="Test" time="32.112" errors="0" timestamp="2025-06-18T12:22:27 IST">
  <testcase classname="com.Dream.tests.TC_001" name="verifyDreamPortalHome" time="4.405"/>
  <testcase classname="com.Dream.tests.TC_002" name="verifyDreamLogTable" time="5.283"/>
  <testcase classname="com.Dream.tests.TC_003" name="verifyDreamCountConsistency" time="6.356"/>
</testsuite> <!-- Test -->
